[0.456s] Invoking command in '/home/ssafy/Desktop/SmartFactory-Solution/laptop1/src/pjt': PYTHONPATH=/home/ssafy/Desktop/SmartFactory-Solution/laptop1/build/pjt/prefix_override:/usr/lib/python3/dist-packages/colcon_core/task/python/colcon_distutils_commands:/home/ssafy/Desktop/SmartFactory-Solution/laptop1/install/pjt/lib/python3.10/site-packages:${PYTHONPATH} /usr/bin/python3 -W ignore:setup.py install is deprecated -W ignore:easy_install command is deprecated setup.py egg_info --egg-base ../../build/pjt build --build-base /home/ssafy/Desktop/SmartFactory-Solution/laptop1/build/pjt/build install --record /home/ssafy/Desktop/SmartFactory-Solution/laptop1/build/pjt/install.log --single-version-externally-managed install_data
[0.638s] running egg_info
[0.638s] writing ../../build/pjt/pjt.egg-info/PKG-INFO
[0.638s] writing dependency_links to ../../build/pjt/pjt.egg-info/dependency_links.txt
[0.638s] writing entry points to ../../build/pjt/pjt.egg-info/entry_points.txt
[0.638s] writing requirements to ../../build/pjt/pjt.egg-info/requires.txt
[0.638s] writing top-level names to ../../build/pjt/pjt.egg-info/top_level.txt
[0.639s] reading manifest file '../../build/pjt/pjt.egg-info/SOURCES.txt'
[0.640s] writing manifest file '../../build/pjt/pjt.egg-info/SOURCES.txt'
[0.640s] running build
[0.640s] running build_py
[0.640s] running install
[0.640s] running install_lib
[0.641s] running install_data
[0.641s] running install_egg_info
[0.643s] removing '/home/ssafy/Desktop/SmartFactory-Solution/laptop1/install/pjt/lib/python3.10/site-packages/pjt-0.0.0-py3.10.egg-info' (and everything under it)
[0.643s] Copying ../../build/pjt/pjt.egg-info to /home/ssafy/Desktop/SmartFactory-Solution/laptop1/install/pjt/lib/python3.10/site-packages/pjt-0.0.0-py3.10.egg-info
[0.643s] running install_scripts
[0.656s] Installing detect_panel_node script to /home/ssafy/Desktop/SmartFactory-Solution/laptop1/install/pjt/lib/pjt
[0.656s] Installing dobot_homing_node script to /home/ssafy/Desktop/SmartFactory-Solution/laptop1/install/pjt/lib/pjt
[0.656s] writing list of installed files to '/home/ssafy/Desktop/SmartFactory-Solution/laptop1/build/pjt/install.log'
[0.671s] Invoked command in '/home/ssafy/Desktop/SmartFactory-Solution/laptop1/src/pjt' returned '0': PYTHONPATH=/home/ssafy/Desktop/SmartFactory-Solution/laptop1/build/pjt/prefix_override:/usr/lib/python3/dist-packages/colcon_core/task/python/colcon_distutils_commands:/home/ssafy/Desktop/SmartFactory-Solution/laptop1/install/pjt/lib/python3.10/site-packages:${PYTHONPATH} /usr/bin/python3 -W ignore:setup.py install is deprecated -W ignore:easy_install command is deprecated setup.py egg_info --egg-base ../../build/pjt build --build-base /home/ssafy/Desktop/SmartFactory-Solution/laptop1/build/pjt/build install --record /home/ssafy/Desktop/SmartFactory-Solution/laptop1/build/pjt/install.log --single-version-externally-managed install_data
