[0.442s] Invoking command in '/home/ssafy/Desktop/SmartFactory-Solution/laptop1/src/pjt': PYTHONPATH=/home/ssafy/Desktop/SmartFactory-Solution/laptop1/build/pjt/prefix_override:/usr/lib/python3/dist-packages/colcon_core/task/python/colcon_distutils_commands:/home/ssafy/Desktop/SmartFactory-Solution/laptop1/install/pjt/lib/python3.10/site-packages:${PYTHONPATH} /usr/bin/python3 -W ignore:setup.py install is deprecated -W ignore:easy_install command is deprecated setup.py egg_info --egg-base ../../build/pjt build --build-base /home/ssafy/Desktop/SmartFactory-Solution/laptop1/build/pjt/build install --record /home/ssafy/Desktop/SmartFactory-Solution/laptop1/build/pjt/install.log --single-version-externally-managed install_data
[0.616s] running egg_info
[0.616s] writing ../../build/pjt/pjt.egg-info/PKG-INFO
[0.616s] writing dependency_links to ../../build/pjt/pjt.egg-info/dependency_links.txt
[0.616s] writing entry points to ../../build/pjt/pjt.egg-info/entry_points.txt
[0.616s] writing requirements to ../../build/pjt/pjt.egg-info/requires.txt
[0.616s] writing top-level names to ../../build/pjt/pjt.egg-info/top_level.txt
[0.618s] reading manifest file '../../build/pjt/pjt.egg-info/SOURCES.txt'
[0.618s] writing manifest file '../../build/pjt/pjt.egg-info/SOURCES.txt'
[0.618s] running build
[0.618s] running build_py
[0.618s] copying pjt/realsensewithYolo11.py -> /home/ssafy/Desktop/SmartFactory-Solution/laptop1/build/pjt/build/lib/pjt
[0.619s] running install
[0.619s] running install_lib
[0.619s] copying /home/ssafy/Desktop/SmartFactory-Solution/laptop1/build/pjt/build/lib/pjt/realsensewithYolo11.py -> /home/ssafy/Desktop/SmartFactory-Solution/laptop1/install/pjt/lib/python3.10/site-packages/pjt
[0.620s] byte-compiling /home/ssafy/Desktop/SmartFactory-Solution/laptop1/install/pjt/lib/python3.10/site-packages/pjt/realsensewithYolo11.py to realsensewithYolo11.cpython-310.pyc
[0.620s] running install_data
[0.620s] running install_egg_info
[0.622s] removing '/home/ssafy/Desktop/SmartFactory-Solution/laptop1/install/pjt/lib/python3.10/site-packages/pjt-0.0.0-py3.10.egg-info' (and everything under it)
[0.622s] Copying ../../build/pjt/pjt.egg-info to /home/ssafy/Desktop/SmartFactory-Solution/laptop1/install/pjt/lib/python3.10/site-packages/pjt-0.0.0-py3.10.egg-info
[0.622s] running install_scripts
[0.635s] Installing detect_panel_node script to /home/ssafy/Desktop/SmartFactory-Solution/laptop1/install/pjt/lib/pjt
[0.636s] Installing dobot_homing_node script to /home/ssafy/Desktop/SmartFactory-Solution/laptop1/install/pjt/lib/pjt
[0.636s] Installing socket_server_node script to /home/ssafy/Desktop/SmartFactory-Solution/laptop1/install/pjt/lib/pjt
[0.636s] writing list of installed files to '/home/ssafy/Desktop/SmartFactory-Solution/laptop1/build/pjt/install.log'
[0.650s] Invoked command in '/home/ssafy/Desktop/SmartFactory-Solution/laptop1/src/pjt' returned '0': PYTHONPATH=/home/ssafy/Desktop/SmartFactory-Solution/laptop1/build/pjt/prefix_override:/usr/lib/python3/dist-packages/colcon_core/task/python/colcon_distutils_commands:/home/ssafy/Desktop/SmartFactory-Solution/laptop1/install/pjt/lib/python3.10/site-packages:${PYTHONPATH} /usr/bin/python3 -W ignore:setup.py install is deprecated -W ignore:easy_install command is deprecated setup.py egg_info --egg-base ../../build/pjt build --build-base /home/ssafy/Desktop/SmartFactory-Solution/laptop1/build/pjt/build install --record /home/ssafy/Desktop/SmartFactory-Solution/laptop1/build/pjt/install.log --single-version-externally-managed install_data
