[0.457s] Invoking command in '/home/ssafy/Desktop/SmartFactory-Solution/src/pjt': PYTHONPATH=/home/ssafy/Desktop/SmartFactory-Solution/build/pjt/prefix_override:/usr/lib/python3/dist-packages/colcon_core/task/python/colcon_distutils_commands:/home/ssafy/Desktop/SmartFactory-Solution/install/pjt/lib/python3.10/site-packages:${PYTHONPATH} /usr/bin/python3 -W ignore:setup.py install is deprecated -W ignore:easy_install command is deprecated setup.py egg_info --egg-base ../../build/pjt build --build-base /home/ssafy/Desktop/SmartFactory-Solution/build/pjt/build install --record /home/ssafy/Desktop/SmartFactory-Solution/build/pjt/install.log --single-version-externally-managed install_data
[0.628s] running egg_info
[0.629s] writing ../../build/pjt/pjt.egg-info/PKG-INFO
[0.629s] writing dependency_links to ../../build/pjt/pjt.egg-info/dependency_links.txt
[0.629s] writing entry points to ../../build/pjt/pjt.egg-info/entry_points.txt
[0.629s] writing requirements to ../../build/pjt/pjt.egg-info/requires.txt
[0.629s] writing top-level names to ../../build/pjt/pjt.egg-info/top_level.txt
[0.630s] reading manifest file '../../build/pjt/pjt.egg-info/SOURCES.txt'
[0.639s] writing manifest file '../../build/pjt/pjt.egg-info/SOURCES.txt'
[0.639s] running build
[0.639s] running build_py
[0.639s] running install
[0.639s] running install_lib
[0.640s] running install_data
[0.640s] copying launch/dobot.launch.py -> /home/ssafy/Desktop/SmartFactory-Solution/install/pjt/share/pjt/launch
[0.640s] running install_egg_info
[0.641s] removing '/home/ssafy/Desktop/SmartFactory-Solution/install/pjt/lib/python3.10/site-packages/pjt-0.0.0-py3.10.egg-info' (and everything under it)
[0.641s] Copying ../../build/pjt/pjt.egg-info to /home/ssafy/Desktop/SmartFactory-Solution/install/pjt/lib/python3.10/site-packages/pjt-0.0.0-py3.10.egg-info
[0.642s] running install_scripts
[0.655s] Installing dobot_homing_node script to /home/ssafy/Desktop/SmartFactory-Solution/install/pjt/lib/pjt
[0.655s] writing list of installed files to '/home/ssafy/Desktop/SmartFactory-Solution/build/pjt/install.log'
[0.669s] Invoked command in '/home/ssafy/Desktop/SmartFactory-Solution/src/pjt' returned '0': PYTHONPATH=/home/ssafy/Desktop/SmartFactory-Solution/build/pjt/prefix_override:/usr/lib/python3/dist-packages/colcon_core/task/python/colcon_distutils_commands:/home/ssafy/Desktop/SmartFactory-Solution/install/pjt/lib/python3.10/site-packages:${PYTHONPATH} /usr/bin/python3 -W ignore:setup.py install is deprecated -W ignore:easy_install command is deprecated setup.py egg_info --egg-base ../../build/pjt build --build-base /home/ssafy/Desktop/SmartFactory-Solution/build/pjt/build install --record /home/ssafy/Desktop/SmartFactory-Solution/build/pjt/install.log --single-version-externally-managed install_data
