[0.449s] Invoking command in '/home/ssafy/Desktop/SmartFactory-Solution/src/pjt': PYTHONPATH=/home/ssafy/Desktop/SmartFactory-Solution/build/pjt/prefix_override:/usr/lib/python3/dist-packages/colcon_core/task/python/colcon_distutils_commands:/home/ssafy/Desktop/SmartFactory-Solution/install/pjt/lib/python3.10/site-packages:${PYTHONPATH} /usr/bin/python3 -W ignore:setup.py install is deprecated -W ignore:easy_install command is deprecated setup.py egg_info --egg-base ../../build/pjt build --build-base /home/ssafy/Desktop/SmartFactory-Solution/build/pjt/build install --record /home/ssafy/Desktop/SmartFactory-Solution/build/pjt/install.log --single-version-externally-managed install_data
[0.633s] running egg_info
[0.633s] writing ../../build/pjt/pjt.egg-info/PKG-INFO
[0.633s] writing dependency_links to ../../build/pjt/pjt.egg-info/dependency_links.txt
[0.634s] writing entry points to ../../build/pjt/pjt.egg-info/entry_points.txt
[0.634s] writing requirements to ../../build/pjt/pjt.egg-info/requires.txt
[0.634s] writing top-level names to ../../build/pjt/pjt.egg-info/top_level.txt
[0.635s] reading manifest file '../../build/pjt/pjt.egg-info/SOURCES.txt'
[0.643s] writing manifest file '../../build/pjt/pjt.egg-info/SOURCES.txt'
[0.643s] running build
[0.643s] running build_py
[0.643s] running install
[0.644s] running install_lib
[0.644s] running install_data
[0.645s] creating /home/ssafy/Desktop/SmartFactory-Solution/install/pjt/share/pjt/launch
[0.645s] copying launch/dobot.launch.py -> /home/ssafy/Desktop/SmartFactory-Solution/install/pjt/share/pjt/launch
[0.645s] running install_egg_info
[0.646s] removing '/home/ssafy/Desktop/SmartFactory-Solution/install/pjt/lib/python3.10/site-packages/pjt-0.0.0-py3.10.egg-info' (and everything under it)
[0.646s] Copying ../../build/pjt/pjt.egg-info to /home/ssafy/Desktop/SmartFactory-Solution/install/pjt/lib/python3.10/site-packages/pjt-0.0.0-py3.10.egg-info
[0.646s] running install_scripts
[0.660s] writing list of installed files to '/home/ssafy/Desktop/SmartFactory-Solution/build/pjt/install.log'
[0.673s] Invoked command in '/home/ssafy/Desktop/SmartFactory-Solution/src/pjt' returned '0': PYTHONPATH=/home/ssafy/Desktop/SmartFactory-Solution/build/pjt/prefix_override:/usr/lib/python3/dist-packages/colcon_core/task/python/colcon_distutils_commands:/home/ssafy/Desktop/SmartFactory-Solution/install/pjt/lib/python3.10/site-packages:${PYTHONPATH} /usr/bin/python3 -W ignore:setup.py install is deprecated -W ignore:easy_install command is deprecated setup.py egg_info --egg-base ../../build/pjt build --build-base /home/ssafy/Desktop/SmartFactory-Solution/build/pjt/build install --record /home/ssafy/Desktop/SmartFactory-Solution/build/pjt/install.log --single-version-externally-managed install_data
